# JRE version: OpenJDK Runtime Environment (8.0_131-b11) (build 1.8.0_131-8u131-b11-0ubuntu1.16.04.2-b11)
# Java VM: OpenJDK 64-Bit Server VM (25.131-b11 mixed mode linux-amd64 compressed oops)
Heap:
 PSYoungGen      total 116736K, used 0K [0x00000000f5580000, 0x0000000100000000, 0x0000000100000000)
  eden space 58880K, 0% used [0x00000000f5580000,0x00000000f5580000,0x00000000f8f00000)
  from space 57856K, 0% used [0x00000000fc780000,0x00000000fc780000,0x0000000100000000)
  to   space 57856K, 0% used [0x00000000f8f00000,0x00000000f8f00000,0x00000000fc780000)
 ParOldGen       total 262656K, used 227267K [0x00000000e0000000, 0x00000000f0080000, 0x00000000f5580000)
  object space 262656K, 86% used [0x00000000e0000000,0x00000000eddf0e50,0x00000000f0080000)
 Metaspace       used 23321K, capacity 23936K, committed 24064K, reserved 1071104K
  class space    used 2288K, capacity 2450K, committed 2560K, reserved 1048576K
GC Heap History (10 events):
Event: 25.757 GC heap after
Heap after GC invocations=18 (full 2):
 PSYoungGen      total 116224K, used 29903K [0x00000000f5580000, 0x00000000ffc80000, 0x0000000100000000)
  eden space 62976K, 0% used [0x00000000f5580000,0x00000000f5580000,0x00000000f9300000)
  from space 53248K, 56% used [0x00000000fc680000,0x00000000fe3b3de0,0x00000000ffa80000)
  to   space 52736K, 0% used [0x00000000f9300000,0x00000000f9300000,0x00000000fc680000)
 ParOldGen       total 262656K, used 196292K [0x00000000e0000000, 0x00000000f0080000, 0x00000000f5580000)
  object space 262656K, 74% used [0x00000000e0000000,0x00000000ebfb1330,0x00000000f0080000)
 Metaspace       used 22452K, capacity 23078K, committed 23296K, reserved 1071104K
  class space    used 2270K, capacity 2435K, committed 2560K, reserved 1048576K
}
Event: 26.317 GC heap before
{Heap before GC invocations=19 (full 2):
 PSYoungGen      total 116224K, used 92879K [0x00000000f5580000, 0x00000000ffc80000, 0x0000000100000000)
  eden space 62976K, 100% used [0x00000000f5580000,0x00000000f9300000,0x00000000f9300000)
  from space 53248K, 56% used [0x00000000fc680000,0x00000000fe3b3de0,0x00000000ffa80000)
  to   space 52736K, 0% used [0x00000000f9300000,0x00000000f9300000,0x00000000fc680000)
 ParOldGen       total 262656K, used 196292K [0x00000000e0000000, 0x00000000f0080000, 0x00000000f5580000)
  object space 262656K, 74% used [0x00000000e0000000,0x00000000ebfb1330,0x00000000f0080000)
 Metaspace       used 22786K, capacity 23352K, committed 23552K, reserved 1071104K
  class space    used 2273K, capacity 2438K, committed 2560K, reserved 1048576K
Event: 26.346 GC heap after
Heap after GC invocations=19 (full 2):
 PSYoungGen      total 115712K, used 41440K [0x00000000f5580000, 0x0000000100000000, 0x0000000100000000)
  eden space 62976K, 0% used [0x00000000f5580000,0x00000000f5580000,0x00000000f9300000)
  from space 52736K, 78% used [0x00000000f9300000,0x00000000fbb78380,0x00000000fc680000)
  to   space 56320K, 0% used [0x00000000fc900000,0x00000000fc900000,0x0000000100000000)
 ParOldGen       total 262656K, used 196300K [0x00000000e0000000, 0x00000000f0080000, 0x00000000f5580000)
  object space 262656K, 74% used [0x00000000e0000000,0x00000000ebfb3330,0x00000000f0080000)
 Metaspace       used 22786K, capacity 23352K, committed 23552K, reserved 1071104K
  class space    used 2273K, capacity 2438K, committed 2560K, reserved 1048576K
}
Event: 27.074 GC heap before
{Heap before GC invocations=20 (full 2):
 PSYoungGen      total 115712K, used 104416K [0x00000000f5580000, 0x0000000100000000, 0x0000000100000000)
  eden space 62976K, 100% used [0x00000000f5580000,0x00000000f9300000,0x00000000f9300000)
  from space 52736K, 78% used [0x00000000f9300000,0x00000000fbb78380,0x00000000fc680000)
  to   space 56320K, 0% used [0x00000000fc900000,0x00000000fc900000,0x0000000100000000)
 ParOldGen       total 262656K, used 196300K [0x00000000e0000000, 0x00000000f0080000, 0x00000000f5580000)
  object space 262656K, 74% used [0x00000000e0000000,0x00000000ebfb3330,0x00000000f0080000)
 Metaspace       used 23006K, capacity 23656K, committed 23808K, reserved 1071104K
  class space    used 2282K, capacity 2446K, committed 2560K, reserved 1048576K
Event: 27.115 GC heap after
Heap after GC invocations=20 (full 2):
 PSYoungGen      total 115200K, used 52654K [0x00000000f5580000, 0x0000000100000000, 0x0000000100000000)
  eden space 58880K, 0% used [0x00000000f5580000,0x00000000f5580000,0x00000000f8f00000)
  from space 56320K, 93% used [0x00000000fc900000,0x00000000ffc6bac8,0x0000000100000000)
  to   space 57856K, 0% used [0x00000000f8f00000,0x00000000f8f00000,0x00000000fc780000)
 ParOldGen       total 262656K, used 196308K [0x00000000e0000000, 0x00000000f0080000, 0x00000000f5580000)
  object space 262656K, 74% used [0x00000000e0000000,0x00000000ebfb5330,0x00000000f0080000)
 Metaspace       used 23006K, capacity 23656K, committed 23808K, reserved 1071104K
  class space    used 2282K, capacity 2446K, committed 2560K, reserved 1048576K
}
Event: 27.494 GC heap before
{Heap before GC invocations=21 (full 2):
 PSYoungGen      total 115200K, used 111534K [0x00000000f5580000, 0x0000000100000000, 0x0000000100000000)
  eden space 58880K, 100% used [0x00000000f5580000,0x00000000f8f00000,0x00000000f8f00000)
  from space 56320K, 93% used [0x00000000fc900000,0x00000000ffc6bac8,0x0000000100000000)
  to   space 57856K, 0% used [0x00000000f8f00000,0x00000000f8f00000,0x00000000fc780000)
 ParOldGen       total 262656K, used 196308K [0x00000000e0000000, 0x00000000f0080000, 0x00000000f5580000)
  object space 262656K, 74% used [0x00000000e0000000,0x00000000ebfb5330,0x00000000f0080000)
 Metaspace       used 23176K, capacity 23802K, committed 24064K, reserved 1071104K
  class space    used 2284K, capacity 2449K, committed 2560K, reserved 1048576K
Event: 27.552 GC heap after
Heap after GC invocations=21 (full 2):
 PSYoungGen      total 116736K, used 44844K [0x00000000f5580000, 0x0000000100000000, 0x0000000100000000)
  eden space 58880K, 0% used [0x00000000f5580000,0x00000000f5580000,0x00000000f8f00000)
  from space 57856K, 77% used [0x00000000f8f00000,0x00000000fbacb218,0x00000000fc780000)
  to   space 57856K, 0% used [0x00000000fc780000,0x00000000fc780000,0x0000000100000000)
 ParOldGen       total 262656K, used 216297K [0x00000000e0000000, 0x00000000f0080000, 0x00000000f5580000)
  object space 262656K, 82% used [0x00000000e0000000,0x00000000ed33a610,0x00000000f0080000)
 Metaspace       used 23176K, capacity 23802K, committed 24064K, reserved 1071104K
  class space    used 2284K, capacity 2449K, committed 2560K, reserved 1048576K
}
Event: 27.986 GC heap before
{Heap before GC invocations=22 (full 2):
 PSYoungGen      total 116736K, used 103724K [0x00000000f5580000, 0x0000000100000000, 0x0000000100000000)
  eden space 58880K, 100% used [0x00000000f5580000,0x00000000f8f00000,0x00000000f8f00000)
  from space 57856K, 77% used [0x00000000f8f00000,0x00000000fbacb218,0x00000000fc780000)
  to   space 57856K, 0% used [0x00000000fc780000,0x00000000fc780000,0x0000000100000000)
 ParOldGen       total 262656K, used 216297K [0x00000000e0000000, 0x00000000f0080000, 0x00000000f5580000)
  object space 262656K, 82% used [0x00000000e0000000,0x00000000ed33a610,0x00000000f0080000)
 Metaspace       used 23321K, capacity 23936K, committed 24064K, reserved 1071104K
  class space    used 2288K, capacity 2450K, committed 2560K, reserved 1048576K
Event: 28.037 GC heap after
Heap after GC invocations=22 (full 2):
 PSYoungGen      total 116736K, used 33858K [0x00000000f5580000, 0x0000000100000000, 0x0000000100000000)
  eden space 58880K, 0% used [0x00000000f5580000,0x00000000f5580000,0x00000000f8f00000)
  from space 57856K, 58% used [0x00000000fc780000,0x00000000fe890ac8,0x0000000100000000)
  to   space 57856K, 0% used [0x00000000f8f00000,0x00000000f8f00000,0x00000000fc780000)
 ParOldGen       total 262656K, used 239775K [0x00000000e0000000, 0x00000000f0080000, 0x00000000f5580000)
  object space 262656K, 91% used [0x00000000e0000000,0x00000000eea27d88,0x00000000f0080000)
 Metaspace       used 23321K, capacity 23936K, committed 24064K, reserved 1071104K
  class space    used 2288K, capacity 2450K, committed 2560K, reserved 1048576K
}
Event: 28.131 GC heap before
{Heap before GC invocations=23 (full 3):
 PSYoungGen      total 116736K, used 33858K [0x00000000f5580000, 0x0000000100000000, 0x0000000100000000)
  eden space 58880K, 0% used [0x00000000f5580000,0x00000000f5580000,0x00000000f8f00000)
  from space 57856K, 58% used [0x00000000fc780000,0x00000000fe890ac8,0x0000000100000000)
  to   space 57856K, 0% used [0x00000000f8f00000,0x00000000f8f00000,0x00000000fc780000)
 ParOldGen       total 262656K, used 239775K [0x00000000e0000000, 0x00000000f0080000, 0x00000000f5580000)
  object space 262656K, 91% used [0x00000000e0000000,0x00000000eea27d88,0x00000000f0080000)
 Metaspace       used 23321K, capacity 23936K, committed 24064K, reserved 1071104K
  class space    used 2288K, capacity 2450K, committed 2560K, reserved 1048576K

